<?xml version="1.0" encoding="UTF-8"?>
<!-- Generated by org.testng.reporters.JUnitXMLReporter -->
<testsuite ignored="0" hostname="DESKTOP-075KHTJ" failures="0" tests="1" name="Full Flow Test" time="2.769" errors="0" timestamp="2026-04-11T14:45:05 IST">
  <testcase classname="base.BaseTest" name="@BeforeClass setup" time="2.666">
    <failure type="java.lang.NullPointerException" message="Cannot invoke &amp;quot;java.util.Properties.getProperty(String)&amp;quot; because &amp;quot;this.prop&amp;quot; is null">
      <![CDATA[java.lang.NullPointerException: Cannot invoke "java.util.Properties.getProperty(String)" because "this.prop" is null
at utils.ConfigReader.getUrl(ConfigReader.java:21)
at base.BaseTest.setup(BaseTest.java:29)
at java.base/java.util.ArrayList.forEach(ArrayList.java:1597)
... Removed 23 stack frames]]>
    </failure>
  </testcase> <!-- @BeforeClass setup -->
  <testcase classname="base.BaseTest" name="@AfterClass tearDown" time="0.0">
    <skipped/>
  </testcase> <!-- @AfterClass tearDown -->
  <testcase classname="tests.OrangeHRMTest" name="fullFlowTest" time="0.0">
    <skipped/>
  </testcase> <!-- fullFlowTest -->
</testsuite> <!-- Full Flow Test -->
